<?xml version="1.0" encoding="UTF-8"?>
<testng-results skipped="0" failed="0" ignored="0" total="3" passed="3">
  <reporter-output>
  </reporter-output>
  <suite name="Default suite" duration-ms="21446" started-at="2018-03-24T20:48:15Z" finished-at="2018-03-24T20:48:37Z">
    <groups>
    </groups>
    <test name="Defaulttest2" duration-ms="21446" started-at="2018-03-24T20:48:15Z" finished-at="2018-03-24T20:48:37Z">
      <class name="Tests.HomeTests">
        <test-method status="PASS" signature="ConnectToDeviceOrBrowser(java.lang.String)[pri:0, instance:Tests.HomeTests@5792a0]" name="ConnectToDeviceOrBrowser" is-config="true" duration-ms="11310" started-at="2018-03-24T20:48:16Z" finished-at="2018-03-24T20:48:27Z">
          <params>
            <param index="0">
              <value>
                <![CDATA[Chrome]]>
              </value>
            </param>
          </params>
          <reporter-output>
          </reporter-output>
        </test-method> <!-- ConnectToDeviceOrBrowser -->
        <test-method status="PASS" signature="Login()[pri:0, instance:Tests.HomeTests@5792a0]" name="Login" duration-ms="9329" started-at="2018-03-24T20:48:27Z" finished-at="2018-03-24T20:48:36Z">
          <reporter-output>
          </reporter-output>
        </test-method> <!-- Login -->
        <test-method status="PASS" signature="ValueCheking()[pri:1, instance:Tests.HomeTests@5792a0]" name="ValueCheking" duration-ms="55" started-at="2018-03-24T20:48:36Z" depends-on-methods="Tests.HomeTests.Login" finished-at="2018-03-24T20:48:37Z">
          <reporter-output>
          </reporter-output>
        </test-method> <!-- ValueCheking -->
        <test-method status="PASS" signature="Marketplace()[pri:2, instance:Tests.HomeTests@5792a0]" name="Marketplace" duration-ms="222" started-at="2018-03-24T20:48:37Z" finished-at="2018-03-24T20:48:37Z">
          <reporter-output>
          </reporter-output>
        </test-method> <!-- Marketplace -->
      </class> <!-- Tests.HomeTests -->
    </test> <!-- Defaulttest2 -->
  </suite> <!-- Default suite -->
</testng-results>
